Arguments: 
  /home/liquid_system/.volta/tools/image/node/16.15.1/bin/node /home/liquid_system/.volta/tools/image/yarn/1.22.19/bin/yarn.js init

PATH: 
  /home/liquid_system/.volta/tools/image/npm/8.13.2/bin:/home/liquid_system/.volta/tools/image/yarn/1.22.19/bin:/home/liquid_system/.volta/tools/image/node/16.15.1/bin:/home/liquid_system/.volta/bin:/home/liquid_system/.zplug/bin:/home/liquid_system/.poetry/bin:/home/liquid_system/.goApp/bin:/home/liquid_system/.cargo/bin:/usr/local/sbin:/usr/local/bin:/usr/sbin:/usr/bin:/sbin:/bin:/usr/games:/usr/local/games:/usr/lib/wsl/lib:/mnt/c/Program Files/Microsoft/jdk-11.0.12.7-hotspot/bin:/mnt/c/Python310/Scripts/:/mnt/c/Python310/:/mnt/c/Windows/system32:/mnt/c/Windows:/mnt/c/Windows/System32/Wbem:/mnt/c/Windows/System32/WindowsPowerShell/v1.0/:/mnt/c/Windows/System32/OpenSSH/:/mnt/c/Program Files (x86)/NVIDIA Corporation/PhysX/Common:/mnt/c/WINDOWS/system32:/mnt/c/WINDOWS:/mnt/c/WINDOWS/System32/Wbem:/mnt/c/WINDOWS/System32/WindowsPowerShell/v1.0/:/mnt/c/WINDOWS/System32/OpenSSH/:/mnt/d/compiler/LLVM/bin:/mnt/c/Program Files/dotnet/:/mnt/c/Program Files (x86)/IVI Foundation/VISA/WinNT/Bin:/mnt/c/ProgramData/chocolatey/bin:/mnt/d/WezTerm:/mnt/c/Program Files/LLVM/bin:/mnt/c/Program Files/CMake/bin:/mnt/c/Program Files/Docker/Docker/resources/bin:/mnt/c/ProgramData/DockerDesktop/version-bin:/mnt/c/Program Files/NVIDIA Corporation/NVIDIA NvDLISR:/mnt/c/Users/81804/.cargo/bin:/mnt/d/python/Scripts/:/mnt/d/python/:/mnt/c/Users/81804/scoop/shims:/mnt/d/flutter/flutter/bin:/mnt/c/Users/81804/AppData/Local/Programs/Microsoft VS Code/bin:/mnt/d/python:/mnt/d/python/Scripts:/mnt/c/Users/81804/.dotnet/tools:/mnt/c/Users/81804/AppData/Roaming/Code/User/globalStorage/ms-vscode-remote.remote-containers/cli-bin:/home/liquid_system/.npm-global/bin:/home/liquid_system/.yarn/bin:/home/liquid_system/.local/bin:/home/liquid_system/.pypy3/bin:/home/liquid_system/tig:/usr/local/go/bin:/home/liquid_system/.zig:/home/liquid_system/.go/bin:/home/liquid_system/lua-language-server/bin/

Yarn version: 
  1.22.19

Node version: 
  16.15.1

Platform: 
  linux x64

Trace: 
  Error: EACCES: permission denied, open '/home/liquid_system/NSchool/nodejs-study/intro-curriculum-3004/sum-app/package.json'

npm manifest: 
  {
    "dependencies": {}
  }

yarn manifest: 
  No manifest

Lockfile: 
  # THIS IS AN AUTOGENERATED FILE. DO NOT EDIT THIS FILE DIRECTLY.
  # yarn lockfile v1
